<?xml version="1.0" encoding="UTF-8"?>
<!-- Generated by org.testng.reporters.JUnitReportReporter -->
<testsuite hostname="DESKTOP-V3O9M40" name="Onboarding_Copy.CompleteTesting_Onboading" tests="17" failures="0" timestamp="3 Jun 2019 11:46:27 GMT" time="29.818" errors="0">
  <testcase name="already_logout_user" time="1.723" classname="Onboarding_Copy.CompleteTesting_Onboading"/>
  <testcase name="ResendInvalidMobileNoEleven" time="1.606" classname="Onboarding_Copy.CompleteTesting_Onboading"/>
  <testcase name="ResendInvalidCountryCode" time="1.726" classname="Onboarding_Copy.CompleteTesting_Onboading"/>
  <testcase name="emptyCredentials" time="1.620" classname="Onboarding_Copy.CompleteTesting_Onboading"/>
  <testcase name="logout_user" time="1.622" classname="Onboarding_Copy.CompleteTesting_Onboading"/>
  <testcase name="RequestOTPTest" time="1.964" classname="Onboarding_Copy.CompleteTesting_Onboading"/>
  <testcase name="InvalidMobileNoEleven" time="1.761" classname="Onboarding_Copy.CompleteTesting_Onboading"/>
  <testcase name="UserProfileUnavailable" time="1.754" classname="Onboarding_Copy.CompleteTesting_Onboading"/>
  <testcase name="getDataInvalidToken" time="1.719" classname="Onboarding_Copy.CompleteTesting_Onboading"/>
  <testcase name="ResendemptyCredentials" time="1.803" classname="Onboarding_Copy.CompleteTesting_Onboading"/>
  <testcase name="updateProfilData" time="1.749" classname="Onboarding_Copy.CompleteTesting_Onboading"/>
  <testcase name="getProfilData" time="1.724" classname="Onboarding_Copy.CompleteTesting_Onboading"/>
  <testcase name="InvalidCountryCode" time="1.985" classname="Onboarding_Copy.CompleteTesting_Onboading"/>
  <testcase name="ResendInvalidMobileNoNine" time="1.890" classname="Onboarding_Copy.CompleteTesting_Onboading"/>
  <testcase name="ResendOTPTest" time="1.794" classname="Onboarding_Copy.CompleteTesting_Onboading"/>
  <testcase name="InvalidMobileNoNine" time="1.690" classname="Onboarding_Copy.CompleteTesting_Onboading"/>
  <testcase name="getUpdatedDataInvalidToken" time="1.688" classname="Onboarding_Copy.CompleteTesting_Onboading"/>
</testsuite> <!-- Onboarding_Copy.CompleteTesting_Onboading -->
